0 info it worked if it ends with ok
1 verbose cli [ 'C:\\Program Files\\nodejs\\node.exe',
1 verbose cli   'C:\\Program Files\\nodejs\\node_modules\\npm\\bin\\npm-cli.js',
1 verbose cli   'install',
1 verbose cli   '--save',
1 verbose cli   'canvas' ]
2 info using npm@2.15.9
3 info using node@v4.5.0
4 verbose install initial load of C:\Users\AD\Desktop\Programming\Projects\drawSocket\package.json
5 warn package.json drawsocketio@1.0.0 No description
6 warn package.json drawsocketio@1.0.0 No repository field.
7 warn package.json drawsocketio@1.0.0 No README data
8 verbose installManyTop reading scoped package data from C:\Users\AD\Desktop\Programming\Projects\drawSocket\node_modules\mime\package.json
9 verbose installManyTop reading scoped package data from C:\Users\AD\Desktop\Programming\Projects\drawSocket\node_modules\socket.io\package.json
10 info package.json mime@1.3.4 No license field.
11 verbose readDependencies loading dependencies from C:\Users\AD\Desktop\Programming\Projects\drawSocket\package.json
12 silly cache add args [ 'canvas', null ]
13 verbose cache add spec canvas
14 silly cache add parsed spec Result {
14 silly cache add   raw: 'canvas',
14 silly cache add   scope: null,
14 silly cache add   name: 'canvas',
14 silly cache add   rawSpec: '',
14 silly cache add   spec: 'latest',
14 silly cache add   type: 'tag' }
15 silly addNamed canvas@latest
16 verbose addNamed "latest" is being treated as a dist-tag for canvas
17 info addNameTag [ 'canvas', 'latest' ]
18 silly mapToRegistry name canvas
19 silly mapToRegistry using default registry
20 silly mapToRegistry registry https://registry.npmjs.org/
21 silly mapToRegistry data Result {
21 silly mapToRegistry   raw: 'canvas',
21 silly mapToRegistry   scope: null,
21 silly mapToRegistry   name: 'canvas',
21 silly mapToRegistry   rawSpec: '',
21 silly mapToRegistry   spec: 'latest',
21 silly mapToRegistry   type: 'tag' }
22 silly mapToRegistry uri https://registry.npmjs.org/canvas
23 verbose addNameTag registry:https://registry.npmjs.org/canvas not in flight; fetching
24 verbose request uri https://registry.npmjs.org/canvas
25 verbose request no auth needed
26 info attempt registry request try #1 at 23:36:58
27 verbose request id 0f2897e9db6d756c
28 verbose etag "8NZPF2IOX0YIBXYY9MW95UOP9"
29 http request GET https://registry.npmjs.org/canvas
30 http 304 https://registry.npmjs.org/canvas
31 verbose headers { date: 'Sat, 20 Aug 2016 20:37:02 GMT',
31 verbose headers   via: '1.1 varnish',
31 verbose headers   'cache-control': 'max-age=300',
31 verbose headers   etag: '"8NZPF2IOX0YIBXYY9MW95UOP9"',
31 verbose headers   age: '0',
31 verbose headers   connection: 'keep-alive',
31 verbose headers   'x-served-by': 'cache-bma7030-BMA',
31 verbose headers   'x-cache': 'HIT',
31 verbose headers   'x-cache-hits': '1',
31 verbose headers   'x-timer': 'S1471725422.050796,VS0,VE827',
31 verbose headers   vary: 'Accept-Encoding' }
32 silly get cb [ 304,
32 silly get   { date: 'Sat, 20 Aug 2016 20:37:02 GMT',
32 silly get     via: '1.1 varnish',
32 silly get     'cache-control': 'max-age=300',
32 silly get     etag: '"8NZPF2IOX0YIBXYY9MW95UOP9"',
32 silly get     age: '0',
32 silly get     connection: 'keep-alive',
32 silly get     'x-served-by': 'cache-bma7030-BMA',
32 silly get     'x-cache': 'HIT',
32 silly get     'x-cache-hits': '1',
32 silly get     'x-timer': 'S1471725422.050796,VS0,VE827',
32 silly get     vary: 'Accept-Encoding' } ]
33 verbose etag https://registry.npmjs.org/canvas from cache
34 verbose get saving canvas to C:\Users\AD\AppData\Roaming\npm-cache\registry.npmjs.org\canvas\.cache.json
35 verbose correctMkdir C:\Users\AD\AppData\Roaming\npm-cache correctMkdir not in flight; initializing
36 silly addNameTag next cb for canvas with tag latest
37 silly addNamed canvas@1.4.0
38 verbose addNamed "1.4.0" is a plain semver version for canvas
39 silly cache afterAdd canvas@1.4.0
40 verbose afterAdd C:\Users\AD\AppData\Roaming\npm-cache\canvas\1.4.0\package\package.json not in flight; writing
41 verbose correctMkdir C:\Users\AD\AppData\Roaming\npm-cache correctMkdir not in flight; initializing
42 verbose afterAdd C:\Users\AD\AppData\Roaming\npm-cache\canvas\1.4.0\package\package.json written
43 silly install resolved [ { name: 'canvas',
43 silly install resolved     description: 'Canvas graphics API backed by Cairo',
43 silly install resolved     version: '1.4.0',
43 silly install resolved     author: { name: 'TJ Holowaychuk', email: 'tj@learnboost.com' },
43 silly install resolved     contributors: [ [Object], [Object], [Object] ],
43 silly install resolved     keywords:
43 silly install resolved      [ 'canvas',
43 silly install resolved        'graphic',
43 silly install resolved        'graphics',
43 silly install resolved        'pixman',
43 silly install resolved        'cairo',
43 silly install resolved        'image',
43 silly install resolved        'images',
43 silly install resolved        'pdf' ],
43 silly install resolved     homepage: 'https://github.com/Automattic/node-canvas',
43 silly install resolved     repository:
43 silly install resolved      { type: 'git',
43 silly install resolved        url: 'git://github.com/Automattic/node-canvas.git' },
43 silly install resolved     scripts:
43 silly install resolved      { prebenchmark: 'node-gyp build',
43 silly install resolved        benchmark: 'node benchmarks/run.js',
43 silly install resolved        pretest: 'node-gyp build',
43 silly install resolved        test: 'standard examples/*.js && mocha test/*.test.js',
43 silly install resolved        'pretest-server': 'node-gyp build',
43 silly install resolved        'test-server': 'node test/server.js',
43 silly install resolved        install: 'node-gyp rebuild' },
43 silly install resolved     dependencies: { nan: '^2.3.2' },
43 silly install resolved     devDependencies:
43 silly install resolved      { 'body-parser': '^1.13.3',
43 silly install resolved        express: '^4.13.2',
43 silly install resolved        jade: '^1.11.0',
43 silly install resolved        mocha: '*',
43 silly install resolved        standard: '^7.1.1' },
43 silly install resolved     engines: { node: '>=0.8.0' },
43 silly install resolved     main: './lib/canvas.js',
43 silly install resolved     license: 'MIT',
43 silly install resolved     gypfile: true,
43 silly install resolved     gitHead: 'b470ce81aabe2a78d7cdd53143de2bee46b966a7',
43 silly install resolved     bugs: { url: 'https://github.com/Automattic/node-canvas/issues' },
43 silly install resolved     _id: 'canvas@1.4.0',
43 silly install resolved     _shasum: '5071559b39f8a21964486e6e36b1c42b02392d51',
43 silly install resolved     _from: 'canvas@latest',
43 silly install resolved     _npmVersion: '3.9.3',
43 silly install resolved     _nodeVersion: '6.2.1',
43 silly install resolved     _npmUser: { name: 'linusu', email: 'linus@folkdatorn.se' },
43 silly install resolved     dist:
43 silly install resolved      { shasum: '5071559b39f8a21964486e6e36b1c42b02392d51',
43 silly install resolved        tarball: 'https://registry.npmjs.org/canvas/-/canvas-1.4.0.tgz' },
43 silly install resolved     maintainers: [ [Object], [Object], [Object], [Object], [Object], [Object] ],
43 silly install resolved     _npmOperationalInternal:
43 silly install resolved      { host: 'packages-16-east.internal.npmjs.com',
43 silly install resolved        tmp: 'tmp/canvas-1.4.0.tgz_1466406871722_0.4620345386210829' },
43 silly install resolved     directories: {},
43 silly install resolved     _resolved: 'https://registry.npmjs.org/canvas/-/canvas-1.4.0.tgz',
43 silly install resolved     readme: 'ERROR: No README data found!' } ]
44 info install canvas@1.4.0 into C:\Users\AD\Desktop\Programming\Projects\drawSocket
45 info installOne canvas@1.4.0
46 verbose installOne of canvas to C:\Users\AD\Desktop\Programming\Projects\drawSocket not in flight; installing
47 verbose correctMkdir C:\Users\AD\AppData\Roaming\npm-cache\_locks correctMkdir not in flight; initializing
48 verbose lock using C:\Users\AD\AppData\Roaming\npm-cache\_locks\canvas-08b6e9bf6b827550.lock for C:\Users\AD\Desktop\Programming\Projects\drawSocket\node_modules\canvas
49 silly install write writing canvas 1.4.0 to C:\Users\AD\Desktop\Programming\Projects\drawSocket\node_modules\canvas
50 verbose unbuild node_modules\canvas
51 silly gentlyRm C:\Users\AD\Desktop\Programming\Projects\drawSocket\node_modules\canvas is being purged from base C:\Users\AD\Desktop\Programming\Projects\drawSocket
52 verbose gentlyRm don't care about contents; nuking C:\Users\AD\Desktop\Programming\Projects\drawSocket\node_modules\canvas
53 verbose tar unpack C:\Users\AD\AppData\Roaming\npm-cache\canvas\1.4.0\package.tgz
54 verbose tar unpacking to C:\Users\AD\Desktop\Programming\Projects\drawSocket\node_modules\canvas
55 silly gentlyRm C:\Users\AD\Desktop\Programming\Projects\drawSocket\node_modules\canvas is being purged
56 verbose gentlyRm don't care about contents; nuking C:\Users\AD\Desktop\Programming\Projects\drawSocket\node_modules\canvas
57 silly gunzTarPerm modes [ '777', '666' ]
58 silly gunzTarPerm extractEntry package.json
59 silly gunzTarPerm modified mode [ 'package.json', 420, 438 ]
60 silly gunzTarPerm extractEntry .npmignore
61 silly gunzTarPerm modified mode [ '.npmignore', 420, 438 ]
62 silly gunzTarPerm extractEntry index.js
63 silly gunzTarPerm modified mode [ 'index.js', 420, 438 ]
64 silly gunzTarPerm extractEntry Readme.md
65 silly gunzTarPerm modified mode [ 'Readme.md', 420, 438 ]
66 silly gunzTarPerm extractEntry binding.gyp
67 silly gunzTarPerm modified mode [ 'binding.gyp', 493, 511 ]
68 silly gunzTarPerm extractEntry .travis.yml
69 silly gunzTarPerm modified mode [ '.travis.yml', 420, 438 ]
70 silly gunzTarPerm extractEntry lib/bindings.js
71 silly gunzTarPerm modified mode [ 'lib/bindings.js', 420, 438 ]
72 silly gunzTarPerm extractEntry lib/canvas.js
73 silly gunzTarPerm modified mode [ 'lib/canvas.js', 420, 438 ]
74 silly gunzTarPerm extractEntry lib/context2d.js
75 silly gunzTarPerm modified mode [ 'lib/context2d.js', 420, 438 ]
76 silly gunzTarPerm extractEntry lib/image.js
77 silly gunzTarPerm modified mode [ 'lib/image.js', 420, 438 ]
78 silly gunzTarPerm extractEntry lib/jpegstream.js
79 silly gunzTarPerm modified mode [ 'lib/jpegstream.js', 420, 438 ]
80 silly gunzTarPerm extractEntry lib/pngstream.js
81 silly gunzTarPerm modified mode [ 'lib/pngstream.js', 420, 438 ]
82 silly gunzTarPerm extractEntry History.md
83 silly gunzTarPerm modified mode [ 'History.md', 420, 438 ]
84 silly gunzTarPerm extractEntry src/Image.cc
85 silly gunzTarPerm modified mode [ 'src/Image.cc', 420, 438 ]
86 silly gunzTarPerm extractEntry src/Canvas.cc
87 silly gunzTarPerm modified mode [ 'src/Canvas.cc', 420, 438 ]
88 silly gunzTarPerm extractEntry src/CanvasGradient.cc
89 silly gunzTarPerm modified mode [ 'src/CanvasGradient.cc', 420, 438 ]
90 silly gunzTarPerm extractEntry src/CanvasGradient.h
91 silly gunzTarPerm modified mode [ 'src/CanvasGradient.h', 420, 438 ]
92 silly gunzTarPerm extractEntry src/CanvasPattern.cc
93 silly gunzTarPerm modified mode [ 'src/CanvasPattern.cc', 420, 438 ]
94 silly gunzTarPerm extractEntry src/CanvasPattern.h
95 silly gunzTarPerm modified mode [ 'src/CanvasPattern.h', 420, 438 ]
96 silly gunzTarPerm extractEntry src/CanvasRenderingContext2d.cc
97 silly gunzTarPerm modified mode [ 'src/CanvasRenderingContext2d.cc', 493, 511 ]
98 silly gunzTarPerm extractEntry src/CanvasRenderingContext2d.h
99 silly gunzTarPerm modified mode [ 'src/CanvasRenderingContext2d.h', 420, 438 ]
100 silly gunzTarPerm extractEntry src/FontFace.cc
101 silly gunzTarPerm modified mode [ 'src/FontFace.cc', 493, 511 ]
102 silly gunzTarPerm extractEntry src/FontFace.h
103 silly gunzTarPerm modified mode [ 'src/FontFace.h', 420, 438 ]
104 silly gunzTarPerm extractEntry src/Canvas.h
105 silly gunzTarPerm modified mode [ 'src/Canvas.h', 420, 438 ]
106 silly gunzTarPerm extractEntry src/Image.h
107 silly gunzTarPerm modified mode [ 'src/Image.h', 420, 438 ]
108 silly gunzTarPerm extractEntry src/ImageData.cc
109 silly gunzTarPerm modified mode [ 'src/ImageData.cc', 420, 438 ]
110 silly gunzTarPerm extractEntry src/ImageData.h
111 silly gunzTarPerm modified mode [ 'src/ImageData.h', 420, 438 ]
112 silly gunzTarPerm extractEntry src/JPEGStream.h
113 silly gunzTarPerm modified mode [ 'src/JPEGStream.h', 420, 438 ]
114 silly gunzTarPerm extractEntry src/PNG.h
115 silly gunzTarPerm modified mode [ 'src/PNG.h', 420, 438 ]
116 silly gunzTarPerm extractEntry src/Point.h
117 silly gunzTarPerm modified mode [ 'src/Point.h', 420, 438 ]
118 silly gunzTarPerm extractEntry src/closure.h
119 silly gunzTarPerm modified mode [ 'src/closure.h', 420, 438 ]
120 silly gunzTarPerm extractEntry src/color.cc
121 silly gunzTarPerm modified mode [ 'src/color.cc', 420, 438 ]
122 silly gunzTarPerm extractEntry src/color.h
123 silly gunzTarPerm modified mode [ 'src/color.h', 420, 438 ]
124 silly gunzTarPerm extractEntry src/init.cc
125 silly gunzTarPerm modified mode [ 'src/init.cc', 493, 511 ]
126 silly gunzTarPerm extractEntry util/has_lib.sh
127 silly gunzTarPerm modified mode [ 'util/has_lib.sh', 493, 511 ]
128 verbose write writing to C:\Users\AD\Desktop\Programming\Projects\drawSocket\node_modules\canvas\package.json
129 info preinstall canvas@1.4.0
130 verbose readDependencies loading dependencies from C:\Users\AD\Desktop\Programming\Projects\drawSocket\node_modules\canvas\package.json
131 silly prepareForInstallMany adding nan@^2.3.2 from canvas dependencies
132 verbose readDependencies loading dependencies from C:\Users\AD\Desktop\Programming\Projects\drawSocket\node_modules\canvas\package.json
133 silly cache add args [ 'nan@^2.3.2', null ]
134 verbose cache add spec nan@^2.3.2
135 silly cache add parsed spec Result {
135 silly cache add   raw: 'nan@^2.3.2',
135 silly cache add   scope: null,
135 silly cache add   name: 'nan',
135 silly cache add   rawSpec: '^2.3.2',
135 silly cache add   spec: '>=2.3.2 <3.0.0',
135 silly cache add   type: 'range' }
136 silly addNamed nan@>=2.3.2 <3.0.0
137 verbose addNamed ">=2.3.2 <3.0.0" is a valid semver range for nan
138 silly addNameRange { name: 'nan', range: '>=2.3.2 <3.0.0', hasData: false }
139 silly mapToRegistry name nan
140 silly mapToRegistry using default registry
141 silly mapToRegistry registry https://registry.npmjs.org/
142 silly mapToRegistry data Result {
142 silly mapToRegistry   raw: 'nan',
142 silly mapToRegistry   scope: null,
142 silly mapToRegistry   name: 'nan',
142 silly mapToRegistry   rawSpec: '',
142 silly mapToRegistry   spec: 'latest',
142 silly mapToRegistry   type: 'tag' }
143 silly mapToRegistry uri https://registry.npmjs.org/nan
144 verbose addNameRange registry:https://registry.npmjs.org/nan not in flight; fetching
145 verbose request uri https://registry.npmjs.org/nan
146 verbose request no auth needed
147 info attempt registry request try #1 at 23:37:00
148 verbose etag "EGTR1APXEV7TH8V3QYT0WN357"
149 http request GET https://registry.npmjs.org/nan
150 http 304 https://registry.npmjs.org/nan
151 verbose headers { date: 'Sat, 20 Aug 2016 20:37:03 GMT',
151 verbose headers   via: '1.1 varnish',
151 verbose headers   'cache-control': 'max-age=300',
151 verbose headers   etag: '"EGTR1APXEV7TH8V3QYT0WN357"',
151 verbose headers   age: '14',
151 verbose headers   connection: 'keep-alive',
151 verbose headers   'x-served-by': 'cache-bma7030-BMA',
151 verbose headers   'x-cache': 'HIT',
151 verbose headers   'x-cache-hits': '1',
151 verbose headers   'x-timer': 'S1471725423.375403,VS0,VE0',
151 verbose headers   vary: 'Accept-Encoding' }
152 silly get cb [ 304,
152 silly get   { date: 'Sat, 20 Aug 2016 20:37:03 GMT',
152 silly get     via: '1.1 varnish',
152 silly get     'cache-control': 'max-age=300',
152 silly get     etag: '"EGTR1APXEV7TH8V3QYT0WN357"',
152 silly get     age: '14',
152 silly get     connection: 'keep-alive',
152 silly get     'x-served-by': 'cache-bma7030-BMA',
152 silly get     'x-cache': 'HIT',
152 silly get     'x-cache-hits': '1',
152 silly get     'x-timer': 'S1471725423.375403,VS0,VE0',
152 silly get     vary: 'Accept-Encoding' } ]
153 verbose etag https://registry.npmjs.org/nan from cache
154 verbose get saving nan to C:\Users\AD\AppData\Roaming\npm-cache\registry.npmjs.org\nan\.cache.json
155 verbose correctMkdir C:\Users\AD\AppData\Roaming\npm-cache correctMkdir not in flight; initializing
156 silly addNameRange number 2 { name: 'nan', range: '>=2.3.2 <3.0.0', hasData: true }
157 silly addNameRange versions [ 'nan',
157 silly addNameRange   [ '0.3.0-wip',
157 silly addNameRange     '0.3.0-wip2',
157 silly addNameRange     '0.3.0',
157 silly addNameRange     '0.3.1',
157 silly addNameRange     '0.3.2',
157 silly addNameRange     '0.4.0',
157 silly addNameRange     '0.4.1',
157 silly addNameRange     '0.4.2',
157 silly addNameRange     '0.4.3',
157 silly addNameRange     '0.4.4',
157 silly addNameRange     '0.5.0',
157 silly addNameRange     '0.5.1',
157 silly addNameRange     '0.5.2',
157 silly addNameRange     '0.6.0',
157 silly addNameRange     '0.7.0',
157 silly addNameRange     '0.7.1',
157 silly addNameRange     '0.8.0',
157 silly addNameRange     '1.0.0',
157 silly addNameRange     '1.1.0',
157 silly addNameRange     '1.1.1',
157 silly addNameRange     '1.1.2',
157 silly addNameRange     '1.2.0',
157 silly addNameRange     '1.3.0',
157 silly addNameRange     '1.4.0',
157 silly addNameRange     '1.4.1',
157 silly addNameRange     '1.5.0',
157 silly addNameRange     '1.4.2',
157 silly addNameRange     '1.4.3',
157 silly addNameRange     '1.5.1',
157 silly addNameRange     '1.5.2',
157 silly addNameRange     '1.6.0',
157 silly addNameRange     '1.5.3',
157 silly addNameRange     '1.6.1',
157 silly addNameRange     '1.6.2',
157 silly addNameRange     '1.7.0',
157 silly addNameRange     '1.8.0',
157 silly addNameRange     '1.8.1',
157 silly addNameRange     '1.8.2',
157 silly addNameRange     '1.8.3',
157 silly addNameRange     '1.8.4',
157 silly addNameRange     '1.9.0',
157 silly addNameRange     '2.0.0',
157 silly addNameRange     '2.0.1',
157 silly addNameRange     '2.0.2',
157 silly addNameRange     '2.0.3',
157 silly addNameRange     '2.0.4',
157 silly addNameRange     '2.0.5',
157 silly addNameRange     '2.0.6',
157 silly addNameRange     '2.0.7',
157 silly addNameRange     '2.0.8',
157 silly addNameRange     '2.0.9',
157 silly addNameRange     '2.1.0',
157 silly addNameRange     '2.2.0',
157 silly addNameRange     '2.2.1',
157 silly addNameRange     '2.3.0',
157 silly addNameRange     '2.3.1',
157 silly addNameRange     '2.3.2',
157 silly addNameRange     '2.3.3',
157 silly addNameRange     '2.3.4',
157 silly addNameRange     '2.3.5',
157 silly addNameRange     '2.4.0' ] ]
158 silly addNamed nan@2.4.0
159 verbose addNamed "2.4.0" is a plain semver version for nan
160 silly cache afterAdd nan@2.4.0
161 verbose afterAdd C:\Users\AD\AppData\Roaming\npm-cache\nan\2.4.0\package\package.json not in flight; writing
162 verbose correctMkdir C:\Users\AD\AppData\Roaming\npm-cache correctMkdir not in flight; initializing
163 verbose afterAdd C:\Users\AD\AppData\Roaming\npm-cache\nan\2.4.0\package\package.json written
164 silly install resolved [ { name: 'nan',
164 silly install resolved     version: '2.4.0',
164 silly install resolved     description: 'Native Abstractions for Node.js: C++ header for Node 0.8 -> 6 compatibility',
164 silly install resolved     main: 'include_dirs.js',
164 silly install resolved     repository: { type: 'git', url: 'git://github.com/nodejs/nan.git' },
164 silly install resolved     scripts:
164 silly install resolved      { test: 'tap --gc --stderr test/js/*-test.js',
164 silly install resolved        'rebuild-tests': 'node-gyp rebuild --msvs_version=2013 --directory test',
164 silly install resolved        docs: 'doc/.build.sh' },
164 silly install resolved     contributors:
164 silly install resolved      [ [Object],
164 silly install resolved        [Object],
164 silly install resolved        [Object],
164 silly install resolved        [Object],
164 silly install resolved        [Object],
164 silly install resolved        [Object],
164 silly install resolved        [Object] ],
164 silly install resolved     devDependencies:
164 silly install resolved      { bindings: '~1.2.1',
164 silly install resolved        commander: '^2.8.1',
164 silly install resolved        glob: '^5.0.14',
164 silly install resolved        'node-gyp': '~3.0.1',
164 silly install resolved        'readable-stream': '^2.1.4',
164 silly install resolved        tap: '~0.7.1',
164 silly install resolved        xtend: '~4.0.0' },
164 silly install resolved     license: 'MIT',
164 silly install resolved     bugs: { url: 'https://github.com/nodejs/nan/issues' },
164 silly install resolved     homepage: 'https://github.com/nodejs/nan#readme',
164 silly install resolved     _id: 'nan@2.4.0',
164 silly install resolved     _shasum: 'fb3c59d45fe4effe215f0b890f8adf6eb32d2232',
164 silly install resolved     _resolved: 'https://registry.npmjs.org/nan/-/nan-2.4.0.tgz',
164 silly install resolved     _from: 'nan@>=2.3.2 <3.0.0',
164 silly install resolved     _npmVersion: '3.3.6',
164 silly install resolved     _nodeVersion: '5.0.0',
164 silly install resolved     _npmUser: { name: 'kkoopa', email: 'bbyholm@abo.fi' },
164 silly install resolved     dist:
164 silly install resolved      { shasum: 'fb3c59d45fe4effe215f0b890f8adf6eb32d2232',
164 silly install resolved        tarball: 'https://registry.npmjs.org/nan/-/nan-2.4.0.tgz' },
164 silly install resolved     maintainers: [ [Object], [Object] ],
164 silly install resolved     _npmOperationalInternal:
164 silly install resolved      { host: 'packages-16-east.internal.npmjs.com',
164 silly install resolved        tmp: 'tmp/nan-2.4.0.tgz_1468158679820_0.6951719264034182' },
164 silly install resolved     directories: {},
164 silly install resolved     readme: 'ERROR: No README data found!' } ]
165 info install nan@2.4.0 into C:\Users\AD\Desktop\Programming\Projects\drawSocket\node_modules\canvas
166 info installOne nan@2.4.0
167 verbose installOne of nan to C:\Users\AD\Desktop\Programming\Projects\drawSocket\node_modules\canvas not in flight; installing
168 verbose correctMkdir C:\Users\AD\AppData\Roaming\npm-cache\_locks correctMkdir not in flight; initializing
169 verbose lock using C:\Users\AD\AppData\Roaming\npm-cache\_locks\nan-e65301ee2a93a89e.lock for C:\Users\AD\Desktop\Programming\Projects\drawSocket\node_modules\canvas\node_modules\nan
170 silly install write writing nan 2.4.0 to C:\Users\AD\Desktop\Programming\Projects\drawSocket\node_modules\canvas\node_modules\nan
171 verbose unbuild node_modules\canvas\node_modules\nan
172 silly gentlyRm C:\Users\AD\Desktop\Programming\Projects\drawSocket\node_modules\canvas\node_modules\nan is being purged from base C:\Users\AD\Desktop\Programming\Projects\drawSocket
173 verbose gentlyRm don't care about contents; nuking C:\Users\AD\Desktop\Programming\Projects\drawSocket\node_modules\canvas\node_modules\nan
174 verbose tar unpack C:\Users\AD\AppData\Roaming\npm-cache\nan\2.4.0\package.tgz
175 verbose tar unpacking to C:\Users\AD\Desktop\Programming\Projects\drawSocket\node_modules\canvas\node_modules\nan
176 silly gentlyRm C:\Users\AD\Desktop\Programming\Projects\drawSocket\node_modules\canvas\node_modules\nan is being purged
177 verbose gentlyRm don't care about contents; nuking C:\Users\AD\Desktop\Programming\Projects\drawSocket\node_modules\canvas\node_modules\nan
178 silly gunzTarPerm modes [ '777', '666' ]
179 silly gunzTarPerm extractEntry package.json
180 silly gunzTarPerm modified mode [ 'package.json', 436, 438 ]
181 silly gunzTarPerm extractEntry README.md
182 silly gunzTarPerm modified mode [ 'README.md', 436, 438 ]
183 silly gunzTarPerm extractEntry include_dirs.js
184 silly gunzTarPerm modified mode [ 'include_dirs.js', 436, 438 ]
185 silly gunzTarPerm extractEntry nan_callbacks_pre_12_inl.h
186 silly gunzTarPerm modified mode [ 'nan_callbacks_pre_12_inl.h', 436, 438 ]
187 silly gunzTarPerm extractEntry CHANGELOG.md
188 silly gunzTarPerm modified mode [ 'CHANGELOG.md', 436, 438 ]
189 silly gunzTarPerm extractEntry LICENSE.md
190 silly gunzTarPerm modified mode [ 'LICENSE.md', 436, 438 ]
191 silly gunzTarPerm extractEntry doc/node_misc.md
192 silly gunzTarPerm modified mode [ 'doc/node_misc.md', 436, 438 ]
193 silly gunzTarPerm extractEntry doc/asyncworker.md
194 silly gunzTarPerm modified mode [ 'doc/asyncworker.md', 436, 438 ]
195 silly gunzTarPerm extractEntry doc/callback.md
196 silly gunzTarPerm modified mode [ 'doc/callback.md', 436, 438 ]
197 silly gunzTarPerm extractEntry doc/converters.md
198 silly gunzTarPerm modified mode [ 'doc/converters.md', 436, 438 ]
199 silly gunzTarPerm extractEntry doc/errors.md
200 silly gunzTarPerm modified mode [ 'doc/errors.md', 436, 438 ]
201 silly gunzTarPerm extractEntry doc/maybe_types.md
202 silly gunzTarPerm modified mode [ 'doc/maybe_types.md', 436, 438 ]
203 silly gunzTarPerm extractEntry doc/methods.md
204 silly gunzTarPerm modified mode [ 'doc/methods.md', 436, 438 ]
205 silly gunzTarPerm extractEntry doc/new.md
206 silly gunzTarPerm modified mode [ 'doc/new.md', 436, 438 ]
207 silly gunzTarPerm extractEntry doc/buffers.md
208 silly gunzTarPerm modified mode [ 'doc/buffers.md', 436, 438 ]
209 silly gunzTarPerm extractEntry doc/object_wrappers.md
210 silly gunzTarPerm modified mode [ 'doc/object_wrappers.md', 436, 438 ]
211 silly gunzTarPerm extractEntry doc/persistent.md
212 silly gunzTarPerm modified mode [ 'doc/persistent.md', 436, 438 ]
213 silly gunzTarPerm extractEntry doc/scopes.md
214 silly gunzTarPerm modified mode [ 'doc/scopes.md', 436, 438 ]
215 silly gunzTarPerm extractEntry doc/script.md
216 silly gunzTarPerm modified mode [ 'doc/script.md', 436, 438 ]
217 silly gunzTarPerm extractEntry doc/string_bytes.md
218 silly gunzTarPerm modified mode [ 'doc/string_bytes.md', 436, 438 ]
219 silly gunzTarPerm extractEntry doc/v8_internals.md
220 silly gunzTarPerm modified mode [ 'doc/v8_internals.md', 436, 438 ]
221 silly gunzTarPerm extractEntry doc/v8_misc.md
222 silly gunzTarPerm modified mode [ 'doc/v8_misc.md', 436, 438 ]
223 silly gunzTarPerm extractEntry nan.h
224 silly gunzTarPerm modified mode [ 'nan.h', 436, 438 ]
225 silly gunzTarPerm extractEntry nan_callbacks.h
226 silly gunzTarPerm modified mode [ 'nan_callbacks.h', 436, 438 ]
227 silly gunzTarPerm extractEntry nan_callbacks_12_inl.h
228 silly gunzTarPerm modified mode [ 'nan_callbacks_12_inl.h', 436, 438 ]
229 silly gunzTarPerm extractEntry nan_converters.h
230 silly gunzTarPerm modified mode [ 'nan_converters.h', 436, 438 ]
231 silly gunzTarPerm extractEntry nan_converters_43_inl.h
232 silly gunzTarPerm modified mode [ 'nan_converters_43_inl.h', 436, 438 ]
233 silly gunzTarPerm extractEntry nan_converters_pre_43_inl.h
234 silly gunzTarPerm modified mode [ 'nan_converters_pre_43_inl.h', 436, 438 ]
235 silly gunzTarPerm extractEntry nan_implementation_12_inl.h
236 silly gunzTarPerm modified mode [ 'nan_implementation_12_inl.h', 436, 438 ]
237 silly gunzTarPerm extractEntry nan_implementation_pre_12_inl.h
238 silly gunzTarPerm modified mode [ 'nan_implementation_pre_12_inl.h', 436, 438 ]
239 silly gunzTarPerm extractEntry nan_maybe_43_inl.h
240 silly gunzTarPerm modified mode [ 'nan_maybe_43_inl.h', 436, 438 ]
241 silly gunzTarPerm extractEntry nan_maybe_pre_43_inl.h
242 silly gunzTarPerm modified mode [ 'nan_maybe_pre_43_inl.h', 436, 438 ]
243 silly gunzTarPerm extractEntry nan_new.h
244 silly gunzTarPerm modified mode [ 'nan_new.h', 436, 438 ]
245 silly gunzTarPerm extractEntry nan_object_wrap.h
246 silly gunzTarPerm modified mode [ 'nan_object_wrap.h', 436, 438 ]
247 silly gunzTarPerm extractEntry nan_persistent_12_inl.h
248 silly gunzTarPerm modified mode [ 'nan_persistent_12_inl.h', 436, 438 ]
249 silly gunzTarPerm extractEntry nan_persistent_pre_12_inl.h
250 silly gunzTarPerm modified mode [ 'nan_persistent_pre_12_inl.h', 436, 438 ]
251 silly gunzTarPerm extractEntry nan_string_bytes.h
252 silly gunzTarPerm modified mode [ 'nan_string_bytes.h', 436, 438 ]
253 silly gunzTarPerm extractEntry nan_typedarray_contents.h
254 silly gunzTarPerm modified mode [ 'nan_typedarray_contents.h', 436, 438 ]
255 silly gunzTarPerm extractEntry nan_weak.h
256 silly gunzTarPerm modified mode [ 'nan_weak.h', 436, 438 ]
257 silly gunzTarPerm extractEntry tools/package.json
258 silly gunzTarPerm modified mode [ 'tools/package.json', 436, 438 ]
259 silly gunzTarPerm extractEntry tools/README.md
260 silly gunzTarPerm modified mode [ 'tools/README.md', 436, 438 ]
261 silly gunzTarPerm extractEntry tools/1to2.js
262 silly gunzTarPerm modified mode [ 'tools/1to2.js', 509, 511 ]
263 verbose write writing to C:\Users\AD\Desktop\Programming\Projects\drawSocket\node_modules\canvas\node_modules\nan\package.json
264 info preinstall nan@2.4.0
265 verbose readDependencies loading dependencies from C:\Users\AD\Desktop\Programming\Projects\drawSocket\node_modules\canvas\node_modules\nan\package.json
266 verbose readDependencies loading dependencies from C:\Users\AD\Desktop\Programming\Projects\drawSocket\node_modules\canvas\node_modules\nan\package.json
267 silly install resolved []
268 verbose about to build C:\Users\AD\Desktop\Programming\Projects\drawSocket\node_modules\canvas\node_modules\nan
269 info build C:\Users\AD\Desktop\Programming\Projects\drawSocket\node_modules\canvas\node_modules\nan
270 info linkStuff nan@2.4.0
271 silly linkStuff nan@2.4.0 has C:\Users\AD\Desktop\Programming\Projects\drawSocket\node_modules\canvas\node_modules as its parent node_modules
272 verbose linkBins nan@2.4.0
273 verbose linkMans nan@2.4.0
274 verbose rebuildBundles nan@2.4.0
275 info install nan@2.4.0
276 info postinstall nan@2.4.0
277 verbose unlock done using C:\Users\AD\AppData\Roaming\npm-cache\_locks\nan-e65301ee2a93a89e.lock for C:\Users\AD\Desktop\Programming\Projects\drawSocket\node_modules\canvas\node_modules\nan
278 verbose about to build C:\Users\AD\Desktop\Programming\Projects\drawSocket\node_modules\canvas
279 info build C:\Users\AD\Desktop\Programming\Projects\drawSocket\node_modules\canvas
280 info linkStuff canvas@1.4.0
281 silly linkStuff canvas@1.4.0 has C:\Users\AD\Desktop\Programming\Projects\drawSocket\node_modules as its parent node_modules
282 verbose linkBins canvas@1.4.0
283 verbose linkMans canvas@1.4.0
284 verbose rebuildBundles canvas@1.4.0
285 verbose rebuildBundles [ 'nan' ]
286 info install canvas@1.4.0
287 verbose unsafe-perm in lifecycle true
288 info canvas@1.4.0 Failed to exec install script
289 verbose unlock done using C:\Users\AD\AppData\Roaming\npm-cache\_locks\canvas-08b6e9bf6b827550.lock for C:\Users\AD\Desktop\Programming\Projects\drawSocket\node_modules\canvas
290 verbose stack Error: canvas@1.4.0 install: `node-gyp rebuild`
290 verbose stack Exit status 1
290 verbose stack     at EventEmitter.<anonymous> (C:\Program Files\nodejs\node_modules\npm\lib\utils\lifecycle.js:217:16)
290 verbose stack     at emitTwo (events.js:87:13)
290 verbose stack     at EventEmitter.emit (events.js:172:7)
290 verbose stack     at ChildProcess.<anonymous> (C:\Program Files\nodejs\node_modules\npm\lib\utils\spawn.js:24:14)
290 verbose stack     at emitTwo (events.js:87:13)
290 verbose stack     at ChildProcess.emit (events.js:172:7)
290 verbose stack     at maybeClose (internal/child_process.js:829:16)
290 verbose stack     at Process.ChildProcess._handle.onexit (internal/child_process.js:211:5)
291 verbose pkgid canvas@1.4.0
292 verbose cwd C:\Users\AD\Desktop\Programming\Projects\drawSocket
293 error Windows_NT 6.1.7601
294 error argv "C:\\Program Files\\nodejs\\node.exe" "C:\\Program Files\\nodejs\\node_modules\\npm\\bin\\npm-cli.js" "install" "--save" "canvas"
295 error node v4.5.0
296 error npm  v2.15.9
297 error code ELIFECYCLE
298 error canvas@1.4.0 install: `node-gyp rebuild`
298 error Exit status 1
299 error Failed at the canvas@1.4.0 install script 'node-gyp rebuild'.
299 error This is most likely a problem with the canvas package,
299 error not with npm itself.
299 error Tell the author that this fails on your system:
299 error     node-gyp rebuild
299 error You can get information on how to open an issue for this project with:
299 error     npm bugs canvas
299 error Or if that isn't available, you can get their info via:
299 error
299 error     npm owner ls canvas
299 error There is likely additional logging output above.
300 verbose exit [ 1, true ]
301 verbose unbuild node_modules\canvas
302 info preuninstall canvas@1.4.0
303 info uninstall canvas@1.4.0
304 verbose unbuild rmStuff canvas@1.4.0 from C:\Users\AD\Desktop\Programming\Projects\drawSocket\node_modules
305 info postuninstall canvas@1.4.0
306 silly gentlyRm C:\Users\AD\Desktop\Programming\Projects\drawSocket\node_modules\canvas is being purged from base C:\Users\AD\Desktop\Programming\Projects\drawSocket
307 verbose gentlyRm don't care about contents; nuking C:\Users\AD\Desktop\Programming\Projects\drawSocket\node_modules\canvas
308 silly vacuum-fs purging C:\Users\AD\Desktop\Programming\Projects\drawSocket\node_modules\canvas
309 silly vacuum-fs quitting because other entries in C:\Users\AD\Desktop\Programming\Projects\drawSocket\node_modules
